  main.cpp
C:\Program Files (x86)\Windows Kits\10\Include\10.0.19041.0\shared\minwindef.h(130,1): warning C4005: 'APIENTRY': macro redefinition
D:\Coding\GRK - Project\dependencies\glfw-3.3.8.bin.WIN32\include\GLFW\glfw3.h(123,1): message : see previous definition of 'APIENTRY'
D:\Coding\GRK - Project\GRK_Project\src\GRK_Project.hpp(89,30): warning C4305: 'initializing': truncation from 'double' to 'float'
D:\Coding\GRK - Project\GRK_Project\src\GRK_Project.hpp(106,38): warning C4305: '=': truncation from 'double' to 'float'
D:\Coding\GRK - Project\GRK_Project\src\GRK_Project.hpp(132,16): warning C4305: 'initializing': truncation from 'double' to 'float'
D:\Coding\GRK - Project\GRK_Project\src\GRK_Project.hpp(227,3): warning C4305: 'argument': truncation from 'double' to 'float'
D:\Coding\GRK - Project\GRK_Project\src\GRK_Project.hpp(235,3): warning C4305: 'argument': truncation from 'double' to 'float'
D:\Coding\GRK - Project\GRK_Project\src\GRK_Project.hpp(243,3): warning C4305: 'argument': truncation from 'double' to 'float'
D:\Coding\GRK - Project\GRK_Project\src\GRK_Project.hpp(251,3): warning C4305: 'argument': truncation from 'double' to 'float'
D:\Coding\GRK - Project\GRK_Project\src\GRK_Project.hpp(259,3): warning C4305: 'argument': truncation from 'double' to 'float'
D:\Coding\GRK - Project\GRK_Project\src\GRK_Project.hpp(267,3): warning C4305: 'argument': truncation from 'double' to 'float'
D:\Coding\GRK - Project\GRK_Project\src\GRK_Project.hpp(276,13): warning C4244: 'initializing': conversion from 'double' to 'float', possible loss of data
D:\Coding\GRK - Project\GRK_Project\src\GRK_Project.hpp(321,108): warning C4305: 'argument': truncation from 'double' to 'T'
          with
          [
              T=float
          ]
D:\Coding\GRK - Project\GRK_Project\src\GRK_Project.hpp(347,13): warning C4244: 'initializing': conversion from 'double' to 'float', possible loss of data
D:\Coding\GRK - Project\GRK_Project\src\GRK_Project.hpp(517,21): warning C4305: '-=': truncation from 'double' to 'float'
D:\Coding\GRK - Project\GRK_Project\src\GRK_Project.hpp(520,21): warning C4305: '+=': truncation from 'double' to 'float'
Box.obj : warning LNK4075: ignoring '/EDITANDCONTINUE' due to '/INCREMENTAL:NO' specification
LINK : warning LNK4098: defaultlib 'MSVCRT' conflicts with use of other libs; use /NODEFAULTLIB:library
  GRK_Project.vcxproj -> D:\Coding\GRK - Project\Debug\GRK_Project.exe
